Using pre-set license

 COMMAND LINE ARGUMENTS:
/Applications/Unity/Hub/Editor/2020.3.3f1/Unity.app/Contents/MacOS/Unity
-adb2
-batchMode
-noUpm
-name
AssetImportWorker0
-projectPath
/Users/codeninjas4/Documents/Anabel-NinjaRunner/Anabel-NinjaRunner
-logFile
Logs/AssetImportWorker0.log
-srvPort
51091
Successfully changed project path to: /Users/codeninjas4/Documents/Anabel-NinjaRunner/Anabel-NinjaRunner
/Users/codeninjas4/Documents/Anabel-NinjaRunner/Anabel-NinjaRunner
Using Asset Import Pipeline V2.
Refreshing native plugins compatible for Editor in 29.00 ms, found 1 plugins.
Preloading 0 native plugins for Editor in 0.00 ms.
Initialize engine version: 2020.3.3f1 (76626098c1c4)
[Subsystems] Discovering subsystems at path /Applications/Unity/Hub/Editor/2020.3.3f1/Unity.app/Contents/Resources/UnitySubsystems
[Subsystems] Discovering subsystems at path /Users/codeninjas4/Documents/Anabel-NinjaRunner/Anabel-NinjaRunner/Assets
GfxDevice: creating device client; threaded=0
2021-10-09 11:34:58.759 Unity[3687:462617] Color LCD preferred device: Intel(R) Iris(TM) Plus Graphics 640 (low power)
2021-10-09 11:34:58.759 Unity[3687:462617] Metal devices available: 1
2021-10-09 11:34:58.759 Unity[3687:462617] 0: Intel(R) Iris(TM) Plus Graphics 640 (low power)
2021-10-09 11:34:58.760 Unity[3687:462617] Using device Intel(R) Iris(TM) Plus Graphics 640 (low power)
Initializing Metal device caps: Intel(R) Iris(TM) Plus Graphics 640
Initialize mono
Mono path[0] = '/Applications/Unity/Hub/Editor/2020.3.3f1/Unity.app/Contents/Managed'
Mono path[1] = '/Applications/Unity/Hub/Editor/2020.3.3f1/Unity.app/Contents/MonoBleedingEdge/lib/mono/unityjit'
Mono config path = '/Applications/Unity/Hub/Editor/2020.3.3f1/Unity.app/Contents/MonoBleedingEdge/etc'
Using monoOptions --debugger-agent=transport=dt_socket,embedding=1,server=y,suspend=n,address=127.0.0.1:56687
Begin MonoManager ReloadAssembly
Registering precompiled unity dll's ...
Register platform support module: /Applications/Unity/Hub/Editor/2020.3.3f1/Unity.app/Contents/PlaybackEngines/MacStandaloneSupport/UnityEditor.OSXStandalone.Extensions.dll
Registered in 0.001444 seconds.
Native extension for OSXStandalone target not found
Refreshing native plugins compatible for Editor in 25.60 ms, found 1 plugins.
Preloading 0 native plugins for Editor in 0.00 ms.
Invoked RoslynAnalysisRunner static constructor.
RoslynAnalysisRunner will not be running.
RoslynAnalysisRunner has terminated.
Mono: successfully reloaded assembly
- Completed reload, in  1.655 seconds
Platform modules already initialized, skipping
Registering precompiled user dll's ...
Registered in 0.001575 seconds.
Begin MonoManager ReloadAssembly
Native extension for OSXStandalone target not found
Refreshing native plugins compatible for Editor in 0.28 ms, found 1 plugins.
Preloading 0 native plugins for Editor in 0.00 ms.
Invoked RoslynAnalysisRunner static constructor.
RoslynAnalysisRunner will not be running.
RoslynAnalysisRunner has terminated.
Mono: successfully reloaded assembly
- Completed reload, in  1.088 seconds
Platform modules already initialized, skipping
========================================================================
Worker process is ready to serve import requests
Launching external process: /Applications/Unity/Hub/Editor/2020.3.3f1/Unity.app/Contents/Tools/UnityShaderCompiler
Launched and connected shader compiler UnityShaderCompiler after 0.02 seconds
Refreshing native plugins compatible for Editor in 0.27 ms, found 1 plugins.
Preloading 0 native plugins for Editor in 0.00 ms.
Unloading 1126 Unused Serialized files (Serialized files now loaded: 0)
System memory in use before: 109.0 MB.
System memory in use after: 109.0 MB.

Unloading 9 unused Assets to reduce memory usage. Loaded Objects now: 1569.
Total: 5.083936 ms (FindLiveObjects: 0.333107 ms CreateObjectMapping: 0.070765 ms MarkObjects: 4.568193 ms  DeleteObjects: 0.107159 ms)

========================================================================
Received Import Request.
  path: Assets/Prefabs/Torch.prefab
  artifactKey: Guid(e92d875d67137384892f41f16dfa7230) Importer(815301076,1909f56bfc062723c751e8b465ee728b)
Start importing Assets/Prefabs/Torch.prefab using Guid(e92d875d67137384892f41f16dfa7230) Importer(815301076,1909f56bfc062723c751e8b465ee728b)  -> (artifact id: '8bbbae611cefcd29c331d9b997233572') in 0.591873 seconds
  Import took 0.594645 seconds .

========================================================================
Received Import Request.
  Time since last request: 0.000185 seconds.
  path: Assets/Scenes/NinjaRun.unity
  artifactKey: Guid(2f19b9a8844f6d942b5a2823df965ec3) Importer(815301076,1909f56bfc062723c751e8b465ee728b)
Start importing Assets/Scenes/NinjaRun.unity using Guid(2f19b9a8844f6d942b5a2823df965ec3) Importer(815301076,1909f56bfc062723c751e8b465ee728b)  -> (artifact id: 'fedd9634eb9790ce0cd51d24db56bd2c') in 0.000991 seconds
  Import took 0.002488 seconds .

========================================================================
Received Import Request.
  Time since last request: 0.000158 seconds.
  path: Assets/Prefabs/gem.prefab
  artifactKey: Guid(050efd230c4094246b4f2c6039b362e7) Importer(815301076,1909f56bfc062723c751e8b465ee728b)
Start importing Assets/Prefabs/gem.prefab using Guid(050efd230c4094246b4f2c6039b362e7) Importer(815301076,1909f56bfc062723c751e8b465ee728b)  -> (artifact id: '22cd1eff7ba9e4158e3efca607b4b870') in 0.007226 seconds
  Import took 0.008860 seconds .

========================================================================
Received Import Request.
  Time since last request: 0.000201 seconds.
  path: Assets/Scripts
  artifactKey: Guid(566a5c6306ae8fa42a72bc77ca379bc2) Importer(815301076,1909f56bfc062723c751e8b465ee728b)
Start importing Assets/Scripts using Guid(566a5c6306ae8fa42a72bc77ca379bc2) Importer(815301076,1909f56bfc062723c751e8b465ee728b)  -> (artifact id: '64c6950428401933926d0cc259a958c4') in 0.000648 seconds
  Import took 0.002501 seconds .

========================================================================
Received Import Request.
  Time since last request: 0.000158 seconds.
  path: Assets/Prefabs/platform3.prefab
  artifactKey: Guid(3d948369a15d10541967cfdcea69dcdb) Importer(815301076,1909f56bfc062723c751e8b465ee728b)
Start importing Assets/Prefabs/platform3.prefab using Guid(3d948369a15d10541967cfdcea69dcdb) Importer(815301076,1909f56bfc062723c751e8b465ee728b)  -> (artifact id: '0e80776e5c63c669ecd599498a3dddfc') in 0.550462 seconds
  Import took 0.552776 seconds .

========================================================================
Received Import Request.
  Time since last request: 0.000217 seconds.
  path: Assets/Prefabs/platform4.prefab
  artifactKey: Guid(c995b34c4c96f88478ef0a532ebeef00) Importer(815301076,1909f56bfc062723c751e8b465ee728b)
Start importing Assets/Prefabs/platform4.prefab using Guid(c995b34c4c96f88478ef0a532ebeef00) Importer(815301076,1909f56bfc062723c751e8b465ee728b)  -> (artifact id: 'a688c7db17d53293c5bc5a7e935ad1db') in 0.017076 seconds
  Import took 0.019358 seconds .

========================================================================
Received Import Request.
  Time since last request: 0.000223 seconds.
  path: Assets/Prefabs/platform2.prefab
  artifactKey: Guid(d1fd2b000c38e4a48b84f926604db21e) Importer(815301076,1909f56bfc062723c751e8b465ee728b)
Start importing Assets/Prefabs/platform2.prefab using Guid(d1fd2b000c38e4a48b84f926604db21e) Importer(815301076,1909f56bfc062723c751e8b465ee728b)  -> (artifact id: '7ed95556ddb0edd023324f6f64d79c1f') in 0.016463 seconds
  Import took 0.018598 seconds .

========================================================================
Received Import Request.
  Time since last request: 0.000228 seconds.
  path: Assets/Prefabs/CFX_MagicPoof.prefab
  artifactKey: Guid(3265c07d5c8b9064792b752e584fbe35) Importer(815301076,1909f56bfc062723c751e8b465ee728b)
Start importing Assets/Prefabs/CFX_MagicPoof.prefab using Guid(3265c07d5c8b9064792b752e584fbe35) Importer(815301076,1909f56bfc062723c751e8b465ee728b)  -> (artifact id: 'db7c7b9f5fe1db4cd8db70fa2c7ed7e3') in 0.005559 seconds
  Import took 0.007551 seconds .

========================================================================
Received Import Request.
  Time since last request: 0.000235 seconds.
  path: Assets/Prefabs/coin.prefab
  artifactKey: Guid(ddee63b0c4a9bc44b8ee3f57621b18c5) Importer(815301076,1909f56bfc062723c751e8b465ee728b)
Start importing Assets/Prefabs/coin.prefab using Guid(ddee63b0c4a9bc44b8ee3f57621b18c5) Importer(815301076,1909f56bfc062723c751e8b465ee728b)  -> (artifact id: '3bb2c2ba9a3ec8cfe3b840e55cc52027') in 0.010014 seconds
  Import took 0.011866 seconds .

========================================================================
Received Import Request.
  Time since last request: 0.000176 seconds.
  path: Assets/Prefabs/platform.prefab
  artifactKey: Guid(7e41a1b3492c7024b82952b2c591b082) Importer(815301076,1909f56bfc062723c751e8b465ee728b)
Start importing Assets/Prefabs/platform.prefab using Guid(7e41a1b3492c7024b82952b2c591b082) Importer(815301076,1909f56bfc062723c751e8b465ee728b)  -> (artifact id: '333fc6aad56dd243a0184c647f85a4ea') in 0.014019 seconds
  Import took 0.016032 seconds .

========================================================================
Received Import Request.
  Time since last request: 0.000187 seconds.
  path: Assets/Prefabs/platform1.prefab
  artifactKey: Guid(3c75aa7bfbe82f447b3274b0dc6179ae) Importer(815301076,1909f56bfc062723c751e8b465ee728b)
Start importing Assets/Prefabs/platform1.prefab using Guid(3c75aa7bfbe82f447b3274b0dc6179ae) Importer(815301076,1909f56bfc062723c751e8b465ee728b)  -> (artifact id: 'a994b235ca1376dc4978c74e9b4dea9a') in 0.017493 seconds
  Import took 0.019911 seconds .

========================================================================
Received Import Request.
  Time since last request: 58.385202 seconds.
  path: Assets/Scripts/Animation.cs
  artifactKey: Guid(b71bf7e1dffb0e94da1a2ebc77291663) Importer(815301076,1909f56bfc062723c751e8b465ee728b)
Start importing Assets/Scripts/Animation.cs using Guid(b71bf7e1dffb0e94da1a2ebc77291663) Importer(815301076,1909f56bfc062723c751e8b465ee728b)  -> (artifact id: '051a56046ccc6403bd4e9a837a9c5369') in 0.151984 seconds
  Import took 0.154449 seconds .

========================================================================
Received Prepare
Registering precompiled user dll's ...
Registered in 0.001422 seconds.
Begin MonoManager ReloadAssembly
Native extension for OSXStandalone target not found
Refreshing native plugins compatible for Editor in 0.32 ms, found 1 plugins.
Preloading 0 native plugins for Editor in 0.00 ms.
Invoked RoslynAnalysisRunner static constructor.
RoslynAnalysisRunner will not be running.
RoslynAnalysisRunner has terminated.
Mono: successfully reloaded assembly
- Completed reload, in  1.134 seconds
Platform modules already initialized, skipping
Refreshing native plugins compatible for Editor in 0.35 ms, found 1 plugins.
Preloading 0 native plugins for Editor in 0.00 ms.
Unloading 1120 Unused Serialized files (Serialized files now loaded: 0)
System memory in use before: 119.9 MB.
System memory in use after: 120.0 MB.

Unloading 6 unused Assets to reduce memory usage. Loaded Objects now: 1585.
Total: 1.999504 ms (FindLiveObjects: 0.201530 ms CreateObjectMapping: 0.048229 ms MarkObjects: 1.716839 ms  DeleteObjects: 0.031482 ms)

========================================================================
Received Import Request.
  Time since last request: 12.449845 seconds.
  path: Assets/Scripts/Pickups.cs
  artifactKey: Guid(4e900fdfbe2eefb4c8dbf10586a1df44) Importer(815301076,1909f56bfc062723c751e8b465ee728b)
Start importing Assets/Scripts/Pickups.cs using Guid(4e900fdfbe2eefb4c8dbf10586a1df44) Importer(815301076,1909f56bfc062723c751e8b465ee728b)  -> (artifact id: '1b4081527d1be673e9b288f7c87fdcff') in 0.005065 seconds
  Import took 0.007243 seconds .

========================================================================
Received Import Request.
  Time since last request: 0.003854 seconds.
  path: Assets/Scripts/Pickups.cs
  artifactKey: Guid(4e900fdfbe2eefb4c8dbf10586a1df44) Importer(815301076,1909f56bfc062723c751e8b465ee728b)
Start importing Assets/Scripts/Pickups.cs using Guid(4e900fdfbe2eefb4c8dbf10586a1df44) Importer(815301076,1909f56bfc062723c751e8b465ee728b)  -> (artifact id: '1b4081527d1be673e9b288f7c87fdcff') in 0.001134 seconds
  Import took 0.003008 seconds .

========================================================================
Received Import Request.
  Time since last request: 11.638127 seconds.
  path: Assets/Scripts/Pickups.cs
  artifactKey: Guid(4e900fdfbe2eefb4c8dbf10586a1df44) Importer(815301076,1909f56bfc062723c751e8b465ee728b)
Start importing Assets/Scripts/Pickups.cs using Guid(4e900fdfbe2eefb4c8dbf10586a1df44) Importer(815301076,1909f56bfc062723c751e8b465ee728b)  -> (artifact id: 'dc54a56b22dca21bf6eb48daabd7d773') in 0.001691 seconds
  Import took 0.005181 seconds .

========================================================================
Received Prepare
Registering precompiled user dll's ...
Registered in 0.000387 seconds.
Begin MonoManager ReloadAssembly
Native extension for OSXStandalone target not found
Refreshing native plugins compatible for Editor in 0.24 ms, found 1 plugins.
Preloading 0 native plugins for Editor in 0.00 ms.
Invoked RoslynAnalysisRunner static constructor.
RoslynAnalysisRunner will not be running.
RoslynAnalysisRunner has terminated.
Mono: successfully reloaded assembly
- Completed reload, in  0.970 seconds
Platform modules already initialized, skipping
Refreshing native plugins compatible for Editor in 0.22 ms, found 1 plugins.
Preloading 0 native plugins for Editor in 0.00 ms.
Unloading 1120 Unused Serialized files (Serialized files now loaded: 0)
System memory in use before: 120.1 MB.
System memory in use after: 120.2 MB.

Unloading 4 unused Assets to reduce memory usage. Loaded Objects now: 1588.
Total: 2.461219 ms (FindLiveObjects: 0.206114 ms CreateObjectMapping: 0.062500 ms MarkObjects: 2.165368 ms  DeleteObjects: 0.025564 ms)

========================================================================
Received Import Request.
  Time since last request: 11.012580 seconds.
  path: Assets/Scripts/Pickups.cs
  artifactKey: Guid(4e900fdfbe2eefb4c8dbf10586a1df44) Importer(815301076,1909f56bfc062723c751e8b465ee728b)
Start importing Assets/Scripts/Pickups.cs using Guid(4e900fdfbe2eefb4c8dbf10586a1df44) Importer(815301076,1909f56bfc062723c751e8b465ee728b)  -> (artifact id: 'c672b1ebe090ea5a877554f1521e86c1') in 0.006068 seconds
  Import took 0.008963 seconds .

========================================================================
Received Prepare
Registering precompiled user dll's ...
Registered in 0.000502 seconds.
Begin MonoManager ReloadAssembly
Native extension for OSXStandalone target not found
Refreshing native plugins compatible for Editor in 0.24 ms, found 1 plugins.
Preloading 0 native plugins for Editor in 0.00 ms.
Invoked RoslynAnalysisRunner static constructor.
RoslynAnalysisRunner will not be running.
RoslynAnalysisRunner has terminated.
Mono: successfully reloaded assembly
- Completed reload, in  1.035 seconds
Platform modules already initialized, skipping
Refreshing native plugins compatible for Editor in 0.23 ms, found 1 plugins.
Preloading 0 native plugins for Editor in 0.00 ms.
Unloading 1120 Unused Serialized files (Serialized files now loaded: 0)
System memory in use before: 120.3 MB.
System memory in use after: 120.3 MB.

Unloading 4 unused Assets to reduce memory usage. Loaded Objects now: 1591.
Total: 2.069926 ms (FindLiveObjects: 0.207665 ms CreateObjectMapping: 0.045962 ms MarkObjects: 1.797982 ms  DeleteObjects: 0.016233 ms)

========================================================================
Received Prepare
Registering precompiled user dll's ...
Registered in 0.000422 seconds.
Begin MonoManager ReloadAssembly
Native extension for OSXStandalone target not found
Refreshing native plugins compatible for Editor in 0.29 ms, found 1 plugins.
Preloading 0 native plugins for Editor in 0.00 ms.
Invoked RoslynAnalysisRunner static constructor.
RoslynAnalysisRunner will not be running.
RoslynAnalysisRunner has terminated.
Mono: successfully reloaded assembly
- Completed reload, in  1.111 seconds
Platform modules already initialized, skipping
Refreshing native plugins compatible for Editor in 0.23 ms, found 1 plugins.
Preloading 0 native plugins for Editor in 0.00 ms.
Unloading 1120 Unused Serialized files (Serialized files now loaded: 0)
System memory in use before: 120.4 MB.
System memory in use after: 120.5 MB.

Unloading 4 unused Assets to reduce memory usage. Loaded Objects now: 1594.
Total: 2.430486 ms (FindLiveObjects: 0.222456 ms CreateObjectMapping: 0.090506 ms MarkObjects: 2.097753 ms  DeleteObjects: 0.018255 ms)

========================================================================
Received Prepare
Registering precompiled user dll's ...
Registered in 0.000380 seconds.
Begin MonoManager ReloadAssembly
Native extension for OSXStandalone target not found
Refreshing native plugins compatible for Editor in 0.24 ms, found 1 plugins.
Preloading 0 native plugins for Editor in 0.00 ms.
Invoked RoslynAnalysisRunner static constructor.
RoslynAnalysisRunner will not be running.
RoslynAnalysisRunner has terminated.
Mono: successfully reloaded assembly
- Completed reload, in  0.966 seconds
Platform modules already initialized, skipping
Refreshing native plugins compatible for Editor in 0.22 ms, found 1 plugins.
Preloading 0 native plugins for Editor in 0.00 ms.
Unloading 1120 Unused Serialized files (Serialized files now loaded: 0)
System memory in use before: 120.6 MB.
System memory in use after: 120.7 MB.

Unloading 4 unused Assets to reduce memory usage. Loaded Objects now: 1597.
Total: 2.567816 ms (FindLiveObjects: 0.153919 ms CreateObjectMapping: 0.037588 ms MarkObjects: 2.349508 ms  DeleteObjects: 0.021759 ms)

========================================================================
Received Import Request.
  Time since last request: 332.554947 seconds.
  path: Assets/Scripts/Health.cs
  artifactKey: Guid(08cba9dd425f770479a861bd6f55332f) Importer(815301076,1909f56bfc062723c751e8b465ee728b)
Start importing Assets/Scripts/Health.cs using Guid(08cba9dd425f770479a861bd6f55332f) Importer(815301076,1909f56bfc062723c751e8b465ee728b)  -> (artifact id: '28e899f04298b6e886d4aa5ca54cd645') in 0.006517 seconds
  Import took 0.009457 seconds .

========================================================================
Received Import Request.
  Time since last request: 0.001151 seconds.
  path: Assets/Materials/Starfield Skybox
  artifactKey: Guid(22f3c8ff4d465b0429c2bce0d31cf3d5) Importer(815301076,1909f56bfc062723c751e8b465ee728b)
Start importing Assets/Materials/Starfield Skybox using Guid(22f3c8ff4d465b0429c2bce0d31cf3d5) Importer(815301076,1909f56bfc062723c751e8b465ee728b)  -> (artifact id: '4587569e9f3454b1d8d2aa244f339f02') in 0.000728 seconds
  Import took 0.002584 seconds .

========================================================================
Received Import Request.
  Time since last request: 0.001274 seconds.
  path: Assets/Materials/wood.mat
  artifactKey: Guid(f1d7993eebb7d214dad525468e723bfe) Importer(815301076,1909f56bfc062723c751e8b465ee728b)
Start importing Assets/Materials/wood.mat using Guid(f1d7993eebb7d214dad525468e723bfe) Importer(815301076,1909f56bfc062723c751e8b465ee728b)  -> (artifact id: 'e5b128d71a5f016a11454252172af9d5') in 0.311274 seconds
  Import took 0.313593 seconds .

========================================================================
Received Import Request.
  Time since last request: 0.002763 seconds.
  path: Assets/FX/FX_Kandol_Pack
  artifactKey: Guid(8312fd43003731e4aba0bbead691dee8) Importer(815301076,1909f56bfc062723c751e8b465ee728b)
Start importing Assets/FX/FX_Kandol_Pack using Guid(8312fd43003731e4aba0bbead691dee8) Importer(815301076,1909f56bfc062723c751e8b465ee728b)  -> (artifact id: '5b6e862c313430c83efc89b5c0be1621') in 0.000865 seconds
  Import took 0.002621 seconds .

========================================================================
Received Import Request.
  Time since last request: 0.002147 seconds.
  path: Assets/Scripts/Spin.cs
  artifactKey: Guid(1d178a7bc6c3a164aaebe98b6eaf9335) Importer(815301076,1909f56bfc062723c751e8b465ee728b)
Start importing Assets/Scripts/Spin.cs using Guid(1d178a7bc6c3a164aaebe98b6eaf9335) Importer(815301076,1909f56bfc062723c751e8b465ee728b)  -> (artifact id: '0ce11552c4a974d0d2d9a11f2dee86aa') in 0.001474 seconds
  Import took 0.004408 seconds .

========================================================================
Received Import Request.
  Time since last request: 0.001653 seconds.
  path: Assets/FX
  artifactKey: Guid(3fd1fad222da7734fa80b5207904562b) Importer(815301076,1909f56bfc062723c751e8b465ee728b)
Start importing Assets/FX using Guid(3fd1fad222da7734fa80b5207904562b) Importer(815301076,1909f56bfc062723c751e8b465ee728b)  -> (artifact id: 'c22022bfc66a821c0927a839b4464fd4') in 0.001048 seconds
  Import took 0.003628 seconds .

========================================================================
Received Import Request.
  Time since last request: 0.001856 seconds.
  path: Assets/FX/JMO Assets/Cartoon FX/Materials/CFX_Star Add.mat
  artifactKey: Guid(28bd8c3c14d3f214da37557b91e0fa5d) Importer(815301076,1909f56bfc062723c751e8b465ee728b)
Start importing Assets/FX/JMO Assets/Cartoon FX/Materials/CFX_Star Add.mat using Guid(28bd8c3c14d3f214da37557b91e0fa5d) Importer(815301076,1909f56bfc062723c751e8b465ee728b)  -> (artifact id: '27a15514de87ed41c335619405c14f78') in 0.041868 seconds
  Import took 0.044802 seconds .

========================================================================
Received Import Request.
  Time since last request: 0.003787 seconds.
  path: Assets/Scripts/PlatformDestroyer.cs
  artifactKey: Guid(1d52a1b879dc4404183aa2b9e37752a2) Importer(815301076,1909f56bfc062723c751e8b465ee728b)
Start importing Assets/Scripts/PlatformDestroyer.cs using Guid(1d52a1b879dc4404183aa2b9e37752a2) Importer(815301076,1909f56bfc062723c751e8b465ee728b)  -> (artifact id: 'fd3562524a126827d1f92f6d332ab027') in 0.001310 seconds
  Import took 0.003963 seconds .

========================================================================
Received Import Request.
  Time since last request: 0.001996 seconds.
  path: Assets/Materials/Textures/CodeyTexture.jpg
  artifactKey: Guid(1b732d07f92fb8c45a76e221b5eb4fd2) Importer(815301076,1909f56bfc062723c751e8b465ee728b)
Start importing Assets/Materials/Textures/CodeyTexture.jpg using Guid(1b732d07f92fb8c45a76e221b5eb4fd2) Importer(815301076,1909f56bfc062723c751e8b465ee728b)  -> (artifact id: '795e4a80d09c5d961891940cc80ffc6a') in 0.350865 seconds
  Import took 0.353301 seconds .

========================================================================
Received Import Request.
  Time since last request: 0.001340 seconds.
  path: Assets/Materials/Coin.mat
  artifactKey: Guid(d209603c182aaad4fb4c78469b12a11b) Importer(815301076,1909f56bfc062723c751e8b465ee728b)
Start importing Assets/Materials/Coin.mat using Guid(d209603c182aaad4fb4c78469b12a11b) Importer(815301076,1909f56bfc062723c751e8b465ee728b)  -> (artifact id: '761bd999b9d44b416df4826fa45dc13b') in 0.013239 seconds
  Import took 0.015533 seconds .

========================================================================
Received Import Request.
  Time since last request: 0.001769 seconds.
  path: Assets/Materials/Starfield Skybox/Skybox.mat
  artifactKey: Guid(81f714daf7144784b8a2f42f1cd30927) Importer(815301076,1909f56bfc062723c751e8b465ee728b)
Start importing Assets/Materials/Starfield Skybox/Skybox.mat using Guid(81f714daf7144784b8a2f42f1cd30927) Importer(815301076,1909f56bfc062723c751e8b465ee728b)  -> (artifact id: '7694a127235d74aebd820baae3b3b798') in 0.097299 seconds
  Import took 0.103515 seconds .

========================================================================
Received Import Request.
  Time since last request: 0.002028 seconds.
  path: Assets/Materials/Textures/centerPieceText.png
  artifactKey: Guid(9776ae7a3a5fb25469675b9985b25589) Importer(815301076,1909f56bfc062723c751e8b465ee728b)
Start importing Assets/Materials/Textures/centerPieceText.png using Guid(9776ae7a3a5fb25469675b9985b25589) Importer(815301076,1909f56bfc062723c751e8b465ee728b)  -> (artifact id: '7377c811b7f5c4012ddefa099790f3a8') in 0.687493 seconds
  Import took 0.689756 seconds .

========================================================================
Received Import Request.
  Time since last request: 0.001709 seconds.
  path: Assets/Materials/lightBox.mat
  artifactKey: Guid(6ba5ecf73aafeb148a64bf865b8808cf) Importer(815301076,1909f56bfc062723c751e8b465ee728b)
Start importing Assets/Materials/lightBox.mat using Guid(6ba5ecf73aafeb148a64bf865b8808cf) Importer(815301076,1909f56bfc062723c751e8b465ee728b)  -> (artifact id: 'a8cfa210e53f75b43b2a013bd4974edc') in 0.852275 seconds
  Import took 0.854365 seconds .

========================================================================
Received Import Request.
  Time since last request: 0.001744 seconds.
  path: Assets/Materials/shuriken.mat
  artifactKey: Guid(a7dd341969113394fb4ca169b8a3ea57) Importer(815301076,1909f56bfc062723c751e8b465ee728b)
Start importing Assets/Materials/shuriken.mat using Guid(a7dd341969113394fb4ca169b8a3ea57) Importer(815301076,1909f56bfc062723c751e8b465ee728b)  -> (artifact id: 'd59278b38d01f83c0246ec93e3628fef') in 0.014422 seconds
  Import took 0.016521 seconds .

========================================================================
Received Import Request.
  Time since last request: 0.003366 seconds.
  path: Assets/Materials/smoke.mat
  artifactKey: Guid(e91ee17ce08b20f45bb6edd9b8ada244) Importer(815301076,1909f56bfc062723c751e8b465ee728b)
Start importing Assets/Materials/smoke.mat using Guid(e91ee17ce08b20f45bb6edd9b8ada244) Importer(815301076,1909f56bfc062723c751e8b465ee728b)  -> (artifact id: '2dcd788b534e237f845019fb8110aec0') in 0.018712 seconds
  Import took 0.021046 seconds .

========================================================================
Received Import Request.
  Time since last request: 0.002922 seconds.
  path: Assets/Materials/Textures/healthHeart.png
  artifactKey: Guid(11c6742ae99c58b408a8341503865c32) Importer(815301076,1909f56bfc062723c751e8b465ee728b)
Start importing Assets/Materials/Textures/healthHeart.png using Guid(11c6742ae99c58b408a8341503865c32) Importer(815301076,1909f56bfc062723c751e8b465ee728b)  -> (artifact id: '0c82c8a1c9f7d8ae08930049ab62b265') in 0.028012 seconds
  Import took 0.031175 seconds .

========================================================================
Received Import Request.
  Time since last request: 0.001600 seconds.
  path: Assets/Materials/framing.mat
  artifactKey: Guid(6ce42b38fe26a5f4680b6c1150cb8a25) Importer(815301076,1909f56bfc062723c751e8b465ee728b)
Start importing Assets/Materials/framing.mat using Guid(6ce42b38fe26a5f4680b6c1150cb8a25) Importer(815301076,1909f56bfc062723c751e8b465ee728b)  -> (artifact id: 'ecd8aac87af4893f3eb769f3ba964949') in 0.020514 seconds
  Import took 0.023443 seconds .

========================================================================
Received Import Request.
  Time since last request: 0.004566 seconds.
  path: Assets/Animations/Codey@jump.fbx
  artifactKey: Guid(016b980350bfa57419295b2489da5ba8) Importer(815301076,1909f56bfc062723c751e8b465ee728b)
Start importing Assets/Animations/Codey@jump.fbx using Guid(016b980350bfa57419295b2489da5ba8) Importer(815301076,1909f56bfc062723c751e8b465ee728b)  -> (artifact id: 'ff7bde1de229028fce485de989db4817') in 0.246558 seconds
  Import took 0.249442 seconds .

========================================================================
Received Import Request.
  Time since last request: 0.001139 seconds.
  path: Assets/Models/Codey.fbx
  artifactKey: Guid(aefbb23e7202ffc4d9102741e56a1fb7) Importer(815301076,1909f56bfc062723c751e8b465ee728b)
Start importing Assets/Models/Codey.fbx using Guid(aefbb23e7202ffc4d9102741e56a1fb7) Importer(815301076,1909f56bfc062723c751e8b465ee728b)  -> (artifact id: '234120854e1ed265a08a7a96101f439f') in 0.197185 seconds
  Import took 0.199389 seconds .

========================================================================
Received Import Request.
  Time since last request: 0.002164 seconds.
  path: Assets/FX/JMO Assets/Cartoon FX
  artifactKey: Guid(c865e48369a325f4784ecd8444d1ec51) Importer(815301076,1909f56bfc062723c751e8b465ee728b)
Start importing Assets/FX/JMO Assets/Cartoon FX using Guid(c865e48369a325f4784ecd8444d1ec51) Importer(815301076,1909f56bfc062723c751e8b465ee728b)  -> (artifact id: '73cec37461ac9671f4dbaf720f93b9a5') in 0.000842 seconds
  Import took 0.002698 seconds .

========================================================================
Received Import Request.
  Time since last request: 0.001168 seconds.
  path: Assets/Scenes/NinjaRun.unity
  artifactKey: Guid(2f19b9a8844f6d942b5a2823df965ec3) Importer(815301076,1909f56bfc062723c751e8b465ee728b)
Start importing Assets/Scenes/NinjaRun.unity using Guid(2f19b9a8844f6d942b5a2823df965ec3) Importer(815301076,1909f56bfc062723c751e8b465ee728b)  -> (artifact id: 'a5eec0a8f157e532c15321957496004a') in 0.001130 seconds
  Import took 0.003077 seconds .

========================================================================
Received Import Request.
  Time since last request: 0.001406 seconds.
  path: Assets/Materials/Dungeon_stone_textures/stone_tile_normal.mat
  artifactKey: Guid(df22b2c29de28dd4484511a44b5ea17d) Importer(815301076,1909f56bfc062723c751e8b465ee728b)
Start importing Assets/Materials/Dungeon_stone_textures/stone_tile_normal.mat using Guid(df22b2c29de28dd4484511a44b5ea17d) Importer(815301076,1909f56bfc062723c751e8b465ee728b)  -> (artifact id: '97c8271de9d74516d476b19392287eea') in 0.151399 seconds
  Import took 0.153447 seconds .

========================================================================
Received Import Request.
  Time since last request: 0.001619 seconds.
  path: Assets/Materials/centerPiece.mat
  artifactKey: Guid(d4532ef4db0c0604ea7fd74cd67538b5) Importer(815301076,1909f56bfc062723c751e8b465ee728b)
Start importing Assets/Materials/centerPiece.mat using Guid(d4532ef4db0c0604ea7fd74cd67538b5) Importer(815301076,1909f56bfc062723c751e8b465ee728b)  -> (artifact id: '2c7a9f93c9bfd5b39ad4f36ec4772c7f') in 0.016705 seconds
  Import took 0.020037 seconds .

========================================================================
Received Import Request.
  Time since last request: 0.002040 seconds.
  path: Assets/Materials/Textures/floorText.png
  artifactKey: Guid(8fcf6dc81ebd4dc418a2eb028f8147bd) Importer(815301076,1909f56bfc062723c751e8b465ee728b)
Start importing Assets/Materials/Textures/floorText.png using Guid(8fcf6dc81ebd4dc418a2eb028f8147bd) Importer(815301076,1909f56bfc062723c751e8b465ee728b)  -> (artifact id: 'd9fcc5aa46aa6cb9b6ac1664ee9750cc') in 0.028431 seconds
  Import took 0.031203 seconds .

========================================================================
Received Import Request.
  Time since last request: 0.002148 seconds.
  path: Assets/FX/JMO Assets/Cartoon FX/Materials/Textures/CFX_T_Smoke_4Frames.tga
  artifactKey: Guid(3d70761f9ae377945a3aad2a3936df5e) Importer(815301076,1909f56bfc062723c751e8b465ee728b)
Start importing Assets/FX/JMO Assets/Cartoon FX/Materials/Textures/CFX_T_Smoke_4Frames.tga using Guid(3d70761f9ae377945a3aad2a3936df5e) Importer(815301076,1909f56bfc062723c751e8b465ee728b)  -> (artifact id: '3f1730063617e4d07e64f9b613e8de9e') in 0.660267 seconds
  Import took 0.662739 seconds .

========================================================================
Received Import Request.
  Time since last request: 0.001480 seconds.
  path: Assets/Scripts/CameraFollow.cs
  artifactKey: Guid(a518b7d146381884888c8eb15c940bc1) Importer(815301076,1909f56bfc062723c751e8b465ee728b)
Start importing Assets/Scripts/CameraFollow.cs using Guid(a518b7d146381884888c8eb15c940bc1) Importer(815301076,1909f56bfc062723c751e8b465ee728b)  -> (artifact id: '26b92073b461df1143fc9f2df439671c') in 0.000928 seconds
  Import took 0.003013 seconds .

========================================================================
Received Import Request.
  Time since last request: 0.001352 seconds.
  path: Assets/Materials/Textures/redWoodText.png
  artifactKey: Guid(301bf84044d78644c9189864b9143979) Importer(815301076,1909f56bfc062723c751e8b465ee728b)
Start importing Assets/Materials/Textures/redWoodText.png using Guid(301bf84044d78644c9189864b9143979) Importer(815301076,1909f56bfc062723c751e8b465ee728b)  -> (artifact id: 'b075ec5691184684011e75c21ba6b81a') in 0.014540 seconds
  Import took 0.016728 seconds .

========================================================================
Received Import Request.
  Time since last request: 0.001734 seconds.
  path: Assets/Scenes
  artifactKey: Guid(92ad726ade49046f3aa7f8c993f71217) Importer(815301076,1909f56bfc062723c751e8b465ee728b)
Start importing Assets/Scenes using Guid(92ad726ade49046f3aa7f8c993f71217) Importer(815301076,1909f56bfc062723c751e8b465ee728b)  -> (artifact id: '7e5ad126cbd7a35c14c6e7a231aa4d92') in 0.001103 seconds
  Import took 0.003538 seconds .

========================================================================
Received Import Request.
  Time since last request: 0.001784 seconds.
  path: Assets/Animations/Codey@falling.fbx
  artifactKey: Guid(56479b2b1cd1d1847b17105736157f4a) Importer(815301076,1909f56bfc062723c751e8b465ee728b)
Start importing Assets/Animations/Codey@falling.fbx using Guid(56479b2b1cd1d1847b17105736157f4a) Importer(815301076,1909f56bfc062723c751e8b465ee728b)  -> (artifact id: 'bc90287349b2ea0cc8d883d5a505349f') in 0.024307 seconds
  Import took 0.026918 seconds .

========================================================================
Received Import Request.
  Time since last request: 0.001342 seconds.
  path: Assets/Materials/Starfield Skybox/Textures/Back_Tex.png
  artifactKey: Guid(b692a498a0379a341872703d288b04af) Importer(815301076,1909f56bfc062723c751e8b465ee728b)
Start importing Assets/Materials/Starfield Skybox/Textures/Back_Tex.png using Guid(b692a498a0379a341872703d288b04af) Importer(815301076,1909f56bfc062723c751e8b465ee728b)  -> (artifact id: '47a761b992c80f9fc77a2dcf6af58d0f') in 0.060351 seconds
  Import took 0.065914 seconds .

========================================================================
Received Import Request.
  Time since last request: 0.003160 seconds.
  path: Assets/Materials/Codey.mat
  artifactKey: Guid(9d499e26d0cac774e826ef0e336e7baa) Importer(815301076,1909f56bfc062723c751e8b465ee728b)
Start importing Assets/Materials/Codey.mat using Guid(9d499e26d0cac774e826ef0e336e7baa) Importer(815301076,1909f56bfc062723c751e8b465ee728b)  -> (artifact id: 'fbb9a5b532651da7b2e1f2cae5ff0c3a') in 0.013416 seconds
  Import took 0.016781 seconds .

========================================================================
Received Import Request.
  Time since last request: 0.004472 seconds.
  path: Assets/Models/platform1.fbx
  artifactKey: Guid(edab8ecdf24b3de4e8d931e807fa3f8a) Importer(815301076,1909f56bfc062723c751e8b465ee728b)
Start importing Assets/Models/platform1.fbx using Guid(edab8ecdf24b3de4e8d931e807fa3f8a) Importer(815301076,1909f56bfc062723c751e8b465ee728b)  -> (artifact id: '443b2d3646160142c197b97fd3fe68d0') in 0.020520 seconds
  Import took 0.023330 seconds .

========================================================================
Received Import Request.
  Time since last request: 0.001831 seconds.
  path: Assets/FX/JMO Assets/Cartoon FX/CFX_MagicPoof.prefab
  artifactKey: Guid(a40b64bf23366dc42a892af2c6ff6140) Importer(815301076,1909f56bfc062723c751e8b465ee728b)
Start importing Assets/FX/JMO Assets/Cartoon FX/CFX_MagicPoof.prefab using Guid(a40b64bf23366dc42a892af2c6ff6140) Importer(815301076,1909f56bfc062723c751e8b465ee728b)  -> (artifact id: 'dc244f823c383c38b6ac4aac2ccde9e3') in 0.019519 seconds
  Import took 0.022738 seconds .

========================================================================
Received Import Request.
  Time since last request: 0.001370 seconds.
  path: Assets/FX/JMO Assets/Cartoon FX/Materials/Textures
  artifactKey: Guid(be11574018eb9cc4882e2d9ddb8c7926) Importer(815301076,1909f56bfc062723c751e8b465ee728b)
Start importing Assets/FX/JMO Assets/Cartoon FX/Materials/Textures using Guid(be11574018eb9cc4882e2d9ddb8c7926) Importer(815301076,1909f56bfc062723c751e8b465ee728b)  -> (artifact id: '80532dd98bf313c50da8a248a9b0f251') in 0.001073 seconds
  Import took 0.003299 seconds .

========================================================================
Received Import Request.
  Time since last request: 0.001952 seconds.
  path: Assets/Models/platform2.fbx
  artifactKey: Guid(1234bfac5dc5536418736170a59f7dd6) Importer(815301076,1909f56bfc062723c751e8b465ee728b)
Start importing Assets/Models/platform2.fbx using Guid(1234bfac5dc5536418736170a59f7dd6) Importer(815301076,1909f56bfc062723c751e8b465ee728b)  -> (artifact id: 'c731257f4254d5583e1336b41e3f0328') in 0.020353 seconds
  Import took 0.022408 seconds .

========================================================================
Received Import Request.
  Time since last request: 0.003192 seconds.
  path: Assets/Materials/Dungeon_stone_textures/Textures/stone_tile_normal.png
  artifactKey: Guid(996150ba62885444aac67ba38c366e6d) Importer(815301076,1909f56bfc062723c751e8b465ee728b)
Start importing Assets/Materials/Dungeon_stone_textures/Textures/stone_tile_normal.png using Guid(996150ba62885444aac67ba38c366e6d) Importer(815301076,1909f56bfc062723c751e8b465ee728b)  -> (artifact id: 'd0daa7f9981357d379a41345f84adc9c') in 0.014896 seconds
  Import took 0.017617 seconds .

========================================================================
Received Import Request.
  Time since last request: 0.002178 seconds.
  path: Assets/Prefabs
  artifactKey: Guid(ff860fee4417b274896b3574aadfb42b) Importer(815301076,1909f56bfc062723c751e8b465ee728b)
Start importing Assets/Prefabs using Guid(ff860fee4417b274896b3574aadfb42b) Importer(815301076,1909f56bfc062723c751e8b465ee728b)  -> (artifact id: '1207c21929713ba82b24d227bd1b3539') in 0.001356 seconds
  Import took 0.004627 seconds .

========================================================================
Received Import Request.
  Time since last request: 0.003464 seconds.
  path: Assets/Materials/Starfield Skybox/Textures/Front_Tex.png
  artifactKey: Guid(a5e005e6ff4298340b2ff009a5991908) Importer(815301076,1909f56bfc062723c751e8b465ee728b)
Start importing Assets/Materials/Starfield Skybox/Textures/Front_Tex.png using Guid(a5e005e6ff4298340b2ff009a5991908) Importer(815301076,1909f56bfc062723c751e8b465ee728b)  -> (artifact id: 'ac5558c7bea40e9d7bc6a5d565090980') in 0.050199 seconds
  Import took 0.056082 seconds .

========================================================================
Received Import Request.
  Time since last request: 0.004210 seconds.
  path: Assets/Models/platform3.fbx
  artifactKey: Guid(6244d382dae903e4b922ad37822c689a) Importer(815301076,1909f56bfc062723c751e8b465ee728b)
Start importing Assets/Models/platform3.fbx using Guid(6244d382dae903e4b922ad37822c689a) Importer(815301076,1909f56bfc062723c751e8b465ee728b)  -> (artifact id: '56854adaabd5740b229250f0ed9ec348') in 0.020541 seconds
  Import took 0.023762 seconds .

========================================================================
Received Import Request.
  Time since last request: 0.005627 seconds.
  path: Assets/Materials/weaponHandle.mat
  artifactKey: Guid(f02a002d7abc67f4bb820d3b6c7fdcb2) Importer(815301076,1909f56bfc062723c751e8b465ee728b)
Start importing Assets/Materials/weaponHandle.mat using Guid(f02a002d7abc67f4bb820d3b6c7fdcb2) Importer(815301076,1909f56bfc062723c751e8b465ee728b)  -> (artifact id: 'a41ae8ce2fe34b4f2e2ed7299d157804') in 0.021154 seconds
  Import took 0.024113 seconds .

========================================================================
Received Import Request.
  Time since last request: 0.004430 seconds.
  path: Assets/Materials/Dungeon_stone_textures/stone_tile.mat
  artifactKey: Guid(8c5b1befab3f823419802edac31e39a6) Importer(815301076,1909f56bfc062723c751e8b465ee728b)
Start importing Assets/Materials/Dungeon_stone_textures/stone_tile.mat using Guid(8c5b1befab3f823419802edac31e39a6) Importer(815301076,1909f56bfc062723c751e8b465ee728b)  -> (artifact id: '1cc1ccd0cf75465aa796dd118b6c278e') in 0.009324 seconds
  Import took 0.011419 seconds .

========================================================================
Received Import Request.
  Time since last request: 0.002439 seconds.
  path: Assets/Materials/Textures/baseText.png
  artifactKey: Guid(e05972a86a99f2a49b7379362a26b46e) Importer(815301076,1909f56bfc062723c751e8b465ee728b)
Start importing Assets/Materials/Textures/baseText.png using Guid(e05972a86a99f2a49b7379362a26b46e) Importer(815301076,1909f56bfc062723c751e8b465ee728b)  -> (artifact id: '145c7cea9885ec6b184ac1d773c4d894') in 0.017507 seconds
  Import took 0.019788 seconds .

========================================================================
Received Import Request.
  Time since last request: 0.004344 seconds.
  path: Assets/Materials/Dungeon_stone_textures
  artifactKey: Guid(81d6ca54e8248db42accc2470bbc23aa) Importer(815301076,1909f56bfc062723c751e8b465ee728b)
Start importing Assets/Materials/Dungeon_stone_textures using Guid(81d6ca54e8248db42accc2470bbc23aa) Importer(815301076,1909f56bfc062723c751e8b465ee728b)  -> (artifact id: 'd70c335b8bdd92e601c93d31c85ce60b') in 0.001889 seconds
  Import took 0.004238 seconds .

========================================================================
Received Import Request.
  Time since last request: 0.001762 seconds.
  path: Assets/Materials/Textures/shurikenText.png
  artifactKey: Guid(3bb3f1d117231324d8d6799cdb763958) Importer(815301076,1909f56bfc062723c751e8b465ee728b)
Start importing Assets/Materials/Textures/shurikenText.png using Guid(3bb3f1d117231324d8d6799cdb763958) Importer(815301076,1909f56bfc062723c751e8b465ee728b)  -> (artifact id: '266ce8b2983a5fcdd5f2a06f4fafd4b7') in 0.017122 seconds
  Import took 0.019402 seconds .

========================================================================
Received Import Request.
  Time since last request: 0.008289 seconds.
  path: Assets/Models/platform4.fbx
  artifactKey: Guid(85e2969672cbf544fa7c27ce3fc0a46a) Importer(815301076,1909f56bfc062723c751e8b465ee728b)
Start importing Assets/Models/platform4.fbx using Guid(85e2969672cbf544fa7c27ce3fc0a46a) Importer(815301076,1909f56bfc062723c751e8b465ee728b)  -> (artifact id: 'e6d537cb125b396da1a8eaeb40fa44d2') in 0.018312 seconds
  Import took 0.020615 seconds .

========================================================================
Received Import Request.
  Time since last request: 0.003672 seconds.
  path: Assets/Materials/FX-base.mat
  artifactKey: Guid(5ceedfc9d84adb9468d4aaebe9260227) Importer(815301076,1909f56bfc062723c751e8b465ee728b)
Start importing Assets/Materials/FX-base.mat using Guid(5ceedfc9d84adb9468d4aaebe9260227) Importer(815301076,1909f56bfc062723c751e8b465ee728b)  -> (artifact id: '6660dabb19c53409da004f0fcc00b9ea') in 0.007950 seconds
  Import took 0.010140 seconds .

========================================================================
Received Import Request.
  Time since last request: 0.003468 seconds.
  path: Assets/Materials/Textures/health1.png
  artifactKey: Guid(368b13134e82a3841aba8a8d397987b4) Importer(815301076,1909f56bfc062723c751e8b465ee728b)
Start importing Assets/Materials/Textures/health1.png using Guid(368b13134e82a3841aba8a8d397987b4) Importer(815301076,1909f56bfc062723c751e8b465ee728b)  -> (artifact id: 'afa37f8cc5d8c5372e852ef70af749ef') in 0.016265 seconds
  Import took 0.018418 seconds .

========================================================================
Received Import Request.
  Time since last request: 0.002840 seconds.
  path: Assets/Materials/Dungeon_stone_textures/Textures
  artifactKey: Guid(b532c1684baf7bb48aef7e15a4bf526d) Importer(815301076,1909f56bfc062723c751e8b465ee728b)
Start importing Assets/Materials/Dungeon_stone_textures/Textures using Guid(b532c1684baf7bb48aef7e15a4bf526d) Importer(815301076,1909f56bfc062723c751e8b465ee728b)  -> (artifact id: 'c82a140924ab44aa957bc779a7cb0907') in 0.001953 seconds
  Import took 0.004484 seconds .

========================================================================
Received Import Request.
  Time since last request: 0.003104 seconds.
  path: Assets/Materials/Starfield Skybox/Textures/Down_Tex.png
  artifactKey: Guid(a3b2b45ab4da8b343ad09a56207d3910) Importer(815301076,1909f56bfc062723c751e8b465ee728b)
Start importing Assets/Materials/Starfield Skybox/Textures/Down_Tex.png using Guid(a3b2b45ab4da8b343ad09a56207d3910) Importer(815301076,1909f56bfc062723c751e8b465ee728b)  -> (artifact id: '32e948e9385018c65c34925d3b2bf127') in 0.048963 seconds
  Import took 0.055242 seconds .

========================================================================
Received Import Request.
  Time since last request: 0.001780 seconds.
  path: Assets/Models
  artifactKey: Guid(a8537e9b0c115104a87a791a8121deaf) Importer(815301076,1909f56bfc062723c751e8b465ee728b)
Start importing Assets/Models using Guid(a8537e9b0c115104a87a791a8121deaf) Importer(815301076,1909f56bfc062723c751e8b465ee728b)  -> (artifact id: '5d8d518f9970a008d7024b9503b3f7c2') in 0.000768 seconds
  Import took 0.002751 seconds .

========================================================================
Received Import Request.
  Time since last request: 0.002020 seconds.
  path: Assets/Scenes/SampleScene.unity
  artifactKey: Guid(9fc0d4010bbf28b4594072e72b8655ab) Importer(815301076,1909f56bfc062723c751e8b465ee728b)
Start importing Assets/Scenes/SampleScene.unity using Guid(9fc0d4010bbf28b4594072e72b8655ab) Importer(815301076,1909f56bfc062723c751e8b465ee728b)  -> (artifact id: '6789024990699fc3587a776605cdd52c') in 0.001072 seconds
  Import took 0.003039 seconds .

========================================================================
Received Import Request.
  Time since last request: 0.001210 seconds.
  path: Assets/FX/JMO Assets/Cartoon FX/Materials/Textures/CFX_T_Anim4_RoundedLines.png
  artifactKey: Guid(7987b6791dff098469332588914e2c84) Importer(815301076,1909f56bfc062723c751e8b465ee728b)
Start importing Assets/FX/JMO Assets/Cartoon FX/Materials/Textures/CFX_T_Anim4_RoundedLines.png using Guid(7987b6791dff098469332588914e2c84) Importer(815301076,1909f56bfc062723c751e8b465ee728b)  -> (artifact id: '2e22c11a64439a8eb49b8a0b4a07b183') in 0.005800 seconds
  Import took 0.007762 seconds .

========================================================================
Received Import Request.
  Time since last request: 0.001460 seconds.
  path: Assets/Materials/Textures/woodPanelText-test.png
  artifactKey: Guid(77e8935b21b06484b865356657b17926) Importer(815301076,1909f56bfc062723c751e8b465ee728b)
Start importing Assets/Materials/Textures/woodPanelText-test.png using Guid(77e8935b21b06484b865356657b17926) Importer(815301076,1909f56bfc062723c751e8b465ee728b)  -> (artifact id: '9ac260901d0a0f72463fc7e737fe5cdf') in 0.006659 seconds
  Import took 0.008691 seconds .

========================================================================
Received Import Request.
  Time since last request: 0.001752 seconds.
  path: Assets/Animations/Codey@run.fbx
  artifactKey: Guid(48a87d660191b9a4093fb464bd0db0a6) Importer(815301076,1909f56bfc062723c751e8b465ee728b)
Start importing Assets/Animations/Codey@run.fbx using Guid(48a87d660191b9a4093fb464bd0db0a6) Importer(815301076,1909f56bfc062723c751e8b465ee728b)  -> (artifact id: '9943d54617f355b92803d1a559769101') in 0.009683 seconds
  Import took 0.011964 seconds .

========================================================================
Received Import Request.
  Time since last request: 0.001365 seconds.
  path: Assets/Materials/base.mat
  artifactKey: Guid(e52fd0142c59fa94ea429cd3e1c67527) Importer(815301076,1909f56bfc062723c751e8b465ee728b)
Start importing Assets/Materials/base.mat using Guid(e52fd0142c59fa94ea429cd3e1c67527) Importer(815301076,1909f56bfc062723c751e8b465ee728b)  -> (artifact id: 'ec550c652f1e91b9422003610623c788') in 0.044771 seconds
  Import took 0.047050 seconds .

========================================================================
Received Import Request.
  Time since last request: 0.002024 seconds.
  path: Assets/FX/JMO Assets/Cartoon FX/Materials/Textures/CFX_T_Star.tga
  artifactKey: Guid(95b22be2b746dff46a95032d1620aae1) Importer(815301076,1909f56bfc062723c751e8b465ee728b)
Start importing Assets/FX/JMO Assets/Cartoon FX/Materials/Textures/CFX_T_Star.tga using Guid(95b22be2b746dff46a95032d1620aae1) Importer(815301076,1909f56bfc062723c751e8b465ee728b)  -> (artifact id: '9fc0fd10789d4a874063ba7a5fe02701') in 0.013709 seconds
  Import took 0.016114 seconds .

========================================================================
Received Import Request.
  Time since last request: 0.002024 seconds.
  path: Assets/Materials/redWood.mat
  artifactKey: Guid(7a2b92c14a4cda047a56cb9d37832265) Importer(815301076,1909f56bfc062723c751e8b465ee728b)
Start importing Assets/Materials/redWood.mat using Guid(7a2b92c14a4cda047a56cb9d37832265) Importer(815301076,1909f56bfc062723c751e8b465ee728b)  -> (artifact id: '4858c183e6436ba5dc60f9b54745d232') in 0.009265 seconds
  Import took 0.011499 seconds .

========================================================================
Received Import Request.
  Time since last request: 0.001548 seconds.
  path: Assets/FX/JMO Assets
  artifactKey: Guid(794f2779a2e674f4f854bb41b18ddfc0) Importer(815301076,1909f56bfc062723c751e8b465ee728b)
Start importing Assets/FX/JMO Assets using Guid(794f2779a2e674f4f854bb41b18ddfc0) Importer(815301076,1909f56bfc062723c751e8b465ee728b)  -> (artifact id: '3b38ee792cc6e8a5df6fa6df4f0ebe7d') in 0.000778 seconds
  Import took 0.002633 seconds .

========================================================================
Received Import Request.
  Time since last request: 0.001122 seconds.
  path: Assets/Materials/Textures/LightboxText.png
  artifactKey: Guid(38bd18769316afa43b23badbe3e32d80) Importer(815301076,1909f56bfc062723c751e8b465ee728b)
Start importing Assets/Materials/Textures/LightboxText.png using Guid(38bd18769316afa43b23badbe3e32d80) Importer(815301076,1909f56bfc062723c751e8b465ee728b)  -> (artifact id: '5aa94adbdb46c7dc5510e7d6d8e64837') in 0.006373 seconds
  Import took 0.008256 seconds .

========================================================================
Received Import Request.
  Time since last request: 0.001593 seconds.
  path: Assets/Materials/Textures/weaponText.png
  artifactKey: Guid(2f2c5a45b0df34d45b39ef63c044105e) Importer(815301076,1909f56bfc062723c751e8b465ee728b)
Start importing Assets/Materials/Textures/weaponText.png using Guid(2f2c5a45b0df34d45b39ef63c044105e) Importer(815301076,1909f56bfc062723c751e8b465ee728b)  -> (artifact id: 'b97a9c54f79fdcd5b8052bd5afdd4d6e') in 0.015628 seconds
  Import took 0.017903 seconds .

========================================================================
Received Import Request.
  Time since last request: 0.002759 seconds.
  path: Assets/Scripts/PlayerMoveForward.cs
  artifactKey: Guid(778ad8bdb25589140801606ffec8e1e7) Importer(815301076,1909f56bfc062723c751e8b465ee728b)
Start importing Assets/Scripts/PlayerMoveForward.cs using Guid(778ad8bdb25589140801606ffec8e1e7) Importer(815301076,1909f56bfc062723c751e8b465ee728b)  -> (artifact id: 'efd5b2d3758e4c84d76cc920dc189ebb') in 0.001783 seconds
  Import took 0.003967 seconds .

========================================================================
Received Import Request.
  Time since last request: 0.002217 seconds.
  path: Assets/FX/JMO Assets/Cartoon FX/Materials/CFX_Anim_Poof_AddSoft.mat
  artifactKey: Guid(74a6f6cd13c058a43858627e5383715e) Importer(815301076,1909f56bfc062723c751e8b465ee728b)
Start importing Assets/FX/JMO Assets/Cartoon FX/Materials/CFX_Anim_Poof_AddSoft.mat using Guid(74a6f6cd13c058a43858627e5383715e) Importer(815301076,1909f56bfc062723c751e8b465ee728b)  -> (artifact id: '95b098b7a02d70992ab5200058864c72') in 0.017796 seconds
  Import took 0.020131 seconds .

========================================================================
Received Import Request.
  Time since last request: 0.002390 seconds.
  path: Assets/FX/JMO Assets/Cartoon FX/Materials/CFX_Smoke_4frms.mat
  artifactKey: Guid(3217b570b11b257469c5461f0457e5d4) Importer(815301076,1909f56bfc062723c751e8b465ee728b)
Start importing Assets/FX/JMO Assets/Cartoon FX/Materials/CFX_Smoke_4frms.mat using Guid(3217b570b11b257469c5461f0457e5d4) Importer(815301076,1909f56bfc062723c751e8b465ee728b)  -> (artifact id: '9e588becdb23fb497c3e9fdb88897489') in 0.010598 seconds
  Import took 0.012832 seconds .

========================================================================
Received Import Request.
  Time since last request: 0.002619 seconds.
  path: Assets/Materials
  artifactKey: Guid(97950a020481dfe44af41cef09953502) Importer(815301076,1909f56bfc062723c751e8b465ee728b)
Start importing Assets/Materials using Guid(97950a020481dfe44af41cef09953502) Importer(815301076,1909f56bfc062723c751e8b465ee728b)  -> (artifact id: 'c38fbbd9d2d9cdacf8e2fc2ee4bd38ef') in 0.000888 seconds
  Import took 0.002895 seconds .

========================================================================
Received Import Request.
  Time since last request: 0.002038 seconds.
  path: Assets/FX/JMO Assets/Cartoon FX/Materials
  artifactKey: Guid(1b2e8b4034e02a44fa55a6d381d7d2f9) Importer(815301076,1909f56bfc062723c751e8b465ee728b)
Start importing Assets/FX/JMO Assets/Cartoon FX/Materials using Guid(1b2e8b4034e02a44fa55a6d381d7d2f9) Importer(815301076,1909f56bfc062723c751e8b465ee728b)  -> (artifact id: '1d3c890403b036bc3b2a93c937f8a022') in 0.000914 seconds
  Import took 0.002961 seconds .

========================================================================
Received Import Request.
  Time since last request: 0.002375 seconds.
  path: Assets/Scripts/GameOver.cs
  artifactKey: Guid(59133220f20c9594c8ae3efa8f598b9c) Importer(815301076,1909f56bfc062723c751e8b465ee728b)
Start importing Assets/Scripts/GameOver.cs using Guid(59133220f20c9594c8ae3efa8f598b9c) Importer(815301076,1909f56bfc062723c751e8b465ee728b)  -> (artifact id: '826da19009f5e3e6cfde195faa7f5dfc') in 0.000921 seconds
  Import took 0.002824 seconds .

========================================================================
Received Import Request.
  Time since last request: 0.001057 seconds.
  path: Assets/Materials/Starfield Skybox/Textures
  artifactKey: Guid(a1ac2873c4eb8d64db33d7df8acb9188) Importer(815301076,1909f56bfc062723c751e8b465ee728b)
Start importing Assets/Materials/Starfield Skybox/Textures using Guid(a1ac2873c4eb8d64db33d7df8acb9188) Importer(815301076,1909f56bfc062723c751e8b465ee728b)  -> (artifact id: '429577aeea0ffaf2931ab9d992caa0e5') in 0.000730 seconds
  Import took 0.002526 seconds .

========================================================================
Received Import Request.
  Time since last request: 0.003522 seconds.
  path: Assets/FX/FX_Kandol_Pack/New Material.mat
  artifactKey: Guid(80008e2bc23d4fe4387c814830994e47) Importer(815301076,1909f56bfc062723c751e8b465ee728b)
Start importing Assets/FX/FX_Kandol_Pack/New Material.mat using Guid(80008e2bc23d4fe4387c814830994e47) Importer(815301076,1909f56bfc062723c751e8b465ee728b)  -> (artifact id: 'abc962dbe383619a517aee41cfa3b6e7') in 0.024586 seconds
  Import took 0.027150 seconds .

========================================================================
Received Import Request.
  Time since last request: 0.004471 seconds.
  path: Assets/Materials/weapon.mat
  artifactKey: Guid(a754b5ec4edb3d14b9e014e9772e868d) Importer(815301076,1909f56bfc062723c751e8b465ee728b)
Start importing Assets/Materials/weapon.mat using Guid(a754b5ec4edb3d14b9e014e9772e868d) Importer(815301076,1909f56bfc062723c751e8b465ee728b)  -> (artifact id: 'bb0ec2d4bc6362904a46adc1f12b7af0') in 0.011074 seconds
  Import took 0.015150 seconds .

========================================================================
Received Import Request.
  Time since last request: 0.004016 seconds.
  path: Assets/Scripts/PlatformGeneration.cs
  artifactKey: Guid(f0cf8e16bde7c1e409c7d1a5ef6c016c) Importer(815301076,1909f56bfc062723c751e8b465ee728b)
Start importing Assets/Scripts/PlatformGeneration.cs using Guid(f0cf8e16bde7c1e409c7d1a5ef6c016c) Importer(815301076,1909f56bfc062723c751e8b465ee728b)  -> (artifact id: 'd6f882edc892336bcac3bbb47034fbda') in 0.001257 seconds
  Import took 0.004157 seconds .

========================================================================
Received Import Request.
  Time since last request: 0.001688 seconds.
  path: Assets/FX/FX_Kandol_Pack/fx_fire_cartoon_a.prefab
  artifactKey: Guid(21342c7dc356c904a9286a3cb1275f8f) Importer(815301076,1909f56bfc062723c751e8b465ee728b)
Start importing Assets/FX/FX_Kandol_Pack/fx_fire_cartoon_a.prefab using Guid(21342c7dc356c904a9286a3cb1275f8f) Importer(815301076,1909f56bfc062723c751e8b465ee728b)  -> (artifact id: '3a6c91f1916b229b294f8a265bd22f7e') in 0.016117 seconds
  Import took 0.018372 seconds .

========================================================================
Received Import Request.
  Time since last request: 0.001813 seconds.
  path: Assets/FX/JMO Assets/Cartoon FX/Materials/CFX_YellowStar.mat
  artifactKey: Guid(26c880ce3c053d04982d2c8e435fdb95) Importer(815301076,1909f56bfc062723c751e8b465ee728b)
Start importing Assets/FX/JMO Assets/Cartoon FX/Materials/CFX_YellowStar.mat using Guid(26c880ce3c053d04982d2c8e435fdb95) Importer(815301076,1909f56bfc062723c751e8b465ee728b)  -> (artifact id: '8b1ea4878af86fda9a2a3f72b24d9747') in 0.012601 seconds
  Import took 0.015622 seconds .

========================================================================
Received Import Request.
  Time since last request: 0.003706 seconds.
  path: Assets/Materials/Dungeon_stone_textures/Textures/stone_tile.png
  artifactKey: Guid(cd1393fcd2c4c5944bd8cd7ab256cf2e) Importer(815301076,1909f56bfc062723c751e8b465ee728b)
Start importing Assets/Materials/Dungeon_stone_textures/Textures/stone_tile.png using Guid(cd1393fcd2c4c5944bd8cd7ab256cf2e) Importer(815301076,1909f56bfc062723c751e8b465ee728b)  -> (artifact id: '0e25892383f13c2e3b38229994e2edd5') in 0.009342 seconds
  Import took 0.013721 seconds .

========================================================================
Received Import Request.
  Time since last request: 0.003469 seconds.
  path: Assets/Animations/AnimatorController.controller
  artifactKey: Guid(f5e183b5077f01a43afb46be542763b1) Importer(815301076,1909f56bfc062723c751e8b465ee728b)
Start importing Assets/Animations/AnimatorController.controller using Guid(f5e183b5077f01a43afb46be542763b1) Importer(815301076,1909f56bfc062723c751e8b465ee728b)  -> (artifact id: 'fd82f9944709de3112416b9b7eac6eab') in 0.234358 seconds
  Import took 0.240134 seconds .

========================================================================
Received Import Request.
  Time since last request: 0.001945 seconds.
  path: Assets/Scripts/Movement.cs
  artifactKey: Guid(40a3f6350327e2940b50e23915ee2c63) Importer(815301076,1909f56bfc062723c751e8b465ee728b)
Start importing Assets/Scripts/Movement.cs using Guid(40a3f6350327e2940b50e23915ee2c63) Importer(815301076,1909f56bfc062723c751e8b465ee728b)  -> (artifact id: '96ba007e389e451b1491c890d3c3eef0') in 0.000835 seconds
  Import took 0.002659 seconds .

========================================================================
Received Import Request.
  Time since last request: 0.001205 seconds.
  path: Assets/Scripts/Jump.cs
  artifactKey: Guid(f2ce06211fd7f3c4d8fa24bc2232c5bf) Importer(815301076,1909f56bfc062723c751e8b465ee728b)
Start importing Assets/Scripts/Jump.cs using Guid(f2ce06211fd7f3c4d8fa24bc2232c5bf) Importer(815301076,1909f56bfc062723c751e8b465ee728b)  -> (artifact id: '1d0d5114fe977ecc8e5117a4c735b07d') in 0.000770 seconds
  Import took 0.002382 seconds .

========================================================================
Received Import Request.
  Time since last request: 0.001150 seconds.
  path: Assets/Materials/floor.mat
  artifactKey: Guid(35d4c960fe8501a458c22eba0f1f4e5d) Importer(815301076,1909f56bfc062723c751e8b465ee728b)
Start importing Assets/Materials/floor.mat using Guid(35d4c960fe8501a458c22eba0f1f4e5d) Importer(815301076,1909f56bfc062723c751e8b465ee728b)  -> (artifact id: '72185fafd6e1057d8a6e9b381d635d42') in 0.013304 seconds
  Import took 0.015232 seconds .

========================================================================
Received Import Request.
  Time since last request: 0.001320 seconds.
  path: Assets/Animations
  artifactKey: Guid(43d28d755b403a04ca5a943456ef0794) Importer(815301076,1909f56bfc062723c751e8b465ee728b)
Start importing Assets/Animations using Guid(43d28d755b403a04ca5a943456ef0794) Importer(815301076,1909f56bfc062723c751e8b465ee728b)  -> (artifact id: '2af75de97c39b0fdfcd2ad375b34c3ee') in 0.000934 seconds
  Import took 0.002751 seconds .

========================================================================
Received Import Request.
  Time since last request: 0.002658 seconds.
  path: Assets/Materials/Starfield Skybox/Textures/Right_Tex.png
  artifactKey: Guid(411c36f0804e8c248a3f6470ca50cd85) Importer(815301076,1909f56bfc062723c751e8b465ee728b)
Start importing Assets/Materials/Starfield Skybox/Textures/Right_Tex.png using Guid(411c36f0804e8c248a3f6470ca50cd85) Importer(815301076,1909f56bfc062723c751e8b465ee728b)  -> (artifact id: 'a5be17a46ae03d9f88e368be2a95b00f') in 0.055383 seconds
  Import took 0.060746 seconds .

========================================================================
Received Import Request.
  Time since last request: 0.001505 seconds.
  path: Assets/Materials/Starfield Skybox/Textures/Left_Tex.png
  artifactKey: Guid(80f1020b68f9b794994187bf41ba9d21) Importer(815301076,1909f56bfc062723c751e8b465ee728b)
Start importing Assets/Materials/Starfield Skybox/Textures/Left_Tex.png using Guid(80f1020b68f9b794994187bf41ba9d21) Importer(815301076,1909f56bfc062723c751e8b465ee728b)  -> (artifact id: '54591cdb152893dafde6a69f64f8a101') in 0.071429 seconds
  Import took 0.076391 seconds .

========================================================================
Received Import Request.
  Time since last request: 0.001420 seconds.
  path: Assets/Models/coin.fbx
  artifactKey: Guid(ab5e13957fcd1ed4aba85cdc33fc08fe) Importer(815301076,1909f56bfc062723c751e8b465ee728b)
Start importing Assets/Models/coin.fbx using Guid(ab5e13957fcd1ed4aba85cdc33fc08fe) Importer(815301076,1909f56bfc062723c751e8b465ee728b)  -> (artifact id: 'ba35cab9d0c3e64ab83e1632ea7fe8ae') in 0.020382 seconds
  Import took 0.022401 seconds .

========================================================================
Received Import Request.
  Time since last request: 0.002702 seconds.
  path: Assets/Materials/Textures/smoke.png
  artifactKey: Guid(2d9982ab49a67794abdc8e73b3265fe3) Importer(815301076,1909f56bfc062723c751e8b465ee728b)
Start importing Assets/Materials/Textures/smoke.png using Guid(2d9982ab49a67794abdc8e73b3265fe3) Importer(815301076,1909f56bfc062723c751e8b465ee728b)  -> (artifact id: '042a3d5e230b0845b4bc0e4527ade80d') in 0.008140 seconds
  Import took 0.010107 seconds .

========================================================================
Received Import Request.
  Time since last request: 0.002652 seconds.
  path: Assets/Materials/Textures/rWindowFrameText.png
  artifactKey: Guid(f7ec72b892b452e408442b3ad3606b3b) Importer(815301076,1909f56bfc062723c751e8b465ee728b)
Start importing Assets/Materials/Textures/rWindowFrameText.png using Guid(f7ec72b892b452e408442b3ad3606b3b) Importer(815301076,1909f56bfc062723c751e8b465ee728b)  -> (artifact id: '9d9ecf4b7a5a1f05ffc81252606df5c2') in 0.012862 seconds
  Import took 0.014778 seconds .

========================================================================
Received Import Request.
  Time since last request: 0.001863 seconds.
  path: Assets/Materials/Textures/weaponHandleText.png
  artifactKey: Guid(248082d6347e811429f729005e52e2d7) Importer(815301076,1909f56bfc062723c751e8b465ee728b)
Start importing Assets/Materials/Textures/weaponHandleText.png using Guid(248082d6347e811429f729005e52e2d7) Importer(815301076,1909f56bfc062723c751e8b465ee728b)  -> (artifact id: '0bbf8fd29bae1b13e29ee44f1ad1152e') in 0.012918 seconds
  Import took 0.014918 seconds .

========================================================================
Received Import Request.
  Time since last request: 0.001678 seconds.
  path: Assets/Scripts/Pickups.cs
  artifactKey: Guid(4e900fdfbe2eefb4c8dbf10586a1df44) Importer(815301076,1909f56bfc062723c751e8b465ee728b)
Start importing Assets/Scripts/Pickups.cs using Guid(4e900fdfbe2eefb4c8dbf10586a1df44) Importer(815301076,1909f56bfc062723c751e8b465ee728b)  -> (artifact id: '8588b79c9b099e119f9d30b27d7a43b5') in 0.001046 seconds
  Import took 0.002969 seconds .

========================================================================
Received Import Request.
  Time since last request: 0.002379 seconds.
  path: Assets/FX/FX_Kandol_Pack/fx_fire_cartoon_a.png
  artifactKey: Guid(3c5b0012faf1d2d45ba20b2b0d0c47eb) Importer(815301076,1909f56bfc062723c751e8b465ee728b)
Start importing Assets/FX/FX_Kandol_Pack/fx_fire_cartoon_a.png using Guid(3c5b0012faf1d2d45ba20b2b0d0c47eb) Importer(815301076,1909f56bfc062723c751e8b465ee728b)  -> (artifact id: '35aaf55e874fa35f344bcca569d1b1dd') in 0.008253 seconds
  Import took 0.010509 seconds .

========================================================================
Received Import Request.
  Time since last request: 0.002826 seconds.
  path: Assets/FX/JMO Assets/Cartoon FX/Materials/Textures/CFX_T_Star Add.png
  artifactKey: Guid(df9dab791d4192b4694f9a442f64b18d) Importer(815301076,1909f56bfc062723c751e8b465ee728b)
Start importing Assets/FX/JMO Assets/Cartoon FX/Materials/Textures/CFX_T_Star Add.png using Guid(df9dab791d4192b4694f9a442f64b18d) Importer(815301076,1909f56bfc062723c751e8b465ee728b)  -> (artifact id: '32126b2c737b25217a09fc93ab7d6e5b') in 0.009272 seconds
  Import took 0.011447 seconds .

========================================================================
Received Import Request.
  Time since last request: 0.001968 seconds.
  path: Assets/Materials/Textures
  artifactKey: Guid(a87667781c71bd14dba785864fcc82c4) Importer(815301076,1909f56bfc062723c751e8b465ee728b)
Start importing Assets/Materials/Textures using Guid(a87667781c71bd14dba785864fcc82c4) Importer(815301076,1909f56bfc062723c751e8b465ee728b)  -> (artifact id: '5f73e38fd33fdeccd56c75b97424f9ff') in 0.001554 seconds
  Import took 0.006948 seconds .

